[    1523ms] [WARNING] Deprecation warning: moment().subtract(period, number) is deprecated. Please use moment().subtract(number, period). See http://momentjs.com/guides/#/warnings/add-inverted-param/ for more info. @ https://ams.gunsun.net/container/umi.d755cb4e.js:0
[    6224ms] [WARNING] single-spa minified message #1: See https://single-spa.js.org/error/?code=1 @ https://ams.gunsun.net/container/umi.d755cb4e.js:0
[   36524ms] [WARNING] Deprecation warning: moment().subtract(period, number) is deprecated. Please use moment().subtract(number, period). See http://momentjs.com/guides/#/warnings/add-inverted-param/ for more info. @ https://ams.gunsun.net/container/umi.d755cb4e.js:0
[   41265ms] [WARNING] single-spa minified message #1: See https://single-spa.js.org/error/?code=1 @ https://ams.gunsun.net/container/umi.d755cb4e.js:0
[   69826ms] [WARNING] Deprecation warning: moment().subtract(period, number) is deprecated. Please use moment().subtract(number, period). See http://momentjs.com/guides/#/warnings/add-inverted-param/ for more info. @ https://ams.gunsun.net/container/umi.d755cb4e.js:0
[   74451ms] [WARNING] single-spa minified message #1: See https://single-spa.js.org/error/?code=1 @ https://ams.gunsun.net/container/umi.d755cb4e.js:0
[  151571ms] [WARNING] Deprecation warning: moment().subtract(period, number) is deprecated. Please use moment().subtract(number, period). See http://momentjs.com/guides/#/warnings/add-inverted-param/ for more info. @ https://ams.gunsun.net/container/umi.d755cb4e.js:0
[  156247ms] [WARNING] single-spa minified message #1: See https://single-spa.js.org/error/?code=1 @ https://ams.gunsun.net/container/umi.d755cb4e.js:0
[  167157ms] [WARNING] Deprecation warning: moment().subtract(period, number) is deprecated. Please use moment().subtract(number, period). See http://momentjs.com/guides/#/warnings/add-inverted-param/ for more info. @ https://ams.gunsun.net/container/umi.d755cb4e.js:0
[  171734ms] [WARNING] single-spa minified message #1: See https://single-spa.js.org/error/?code=1 @ https://ams.gunsun.net/container/umi.d755cb4e.js:0
[  305369ms] [WARNING] Deprecation warning: moment().subtract(period, number) is deprecated. Please use moment().subtract(number, period). See http://momentjs.com/guides/#/warnings/add-inverted-param/ for more info. @ https://ams.gunsun.net/container/umi.d755cb4e.js:0
[  307432ms] [WARNING] Deprecation warning: moment().subtract(period, number) is deprecated. Please use moment().subtract(number, period). See http://momentjs.com/guides/#/warnings/add-inverted-param/ for more info. @ https://ams.gunsun.net/container/umi.d755cb4e.js:0
[  311976ms] [WARNING] single-spa minified message #1: See https://single-spa.js.org/error/?code=1 @ https://ams.gunsun.net/container/umi.d755cb4e.js:0
[  343715ms] [WARNING] Deprecation warning: moment().subtract(period, number) is deprecated. Please use moment().subtract(number, period). See http://momentjs.com/guides/#/warnings/add-inverted-param/ for more info. @ https://ams.gunsun.net/container/umi.d755cb4e.js:0
[  345803ms] [WARNING] Deprecation warning: moment().subtract(period, number) is deprecated. Please use moment().subtract(number, period). See http://momentjs.com/guides/#/warnings/add-inverted-param/ for more info. @ https://ams.gunsun.net/container/umi.d755cb4e.js:0
[  349016ms] [WARNING] Deprecation warning: moment().subtract(period, number) is deprecated. Please use moment().subtract(number, period). See http://momentjs.com/guides/#/warnings/add-inverted-param/ for more info. @ https://ams.gunsun.net/container/umi.d755cb4e.js:0
[  350804ms] [WARNING] Deprecation warning: moment().subtract(period, number) is deprecated. Please use moment().subtract(number, period). See http://momentjs.com/guides/#/warnings/add-inverted-param/ for more info. @ https://ams.gunsun.net/robin/umi.916c3601.js:0
[ 1537240ms] [ERROR] Failed to load resource: net::ERR_NETWORK_CHANGED @ https://ams.gunsun.net/api/robin/message/strong-hints:0
[ 1537252ms] [ERROR] Failed to load resource: net::ERR_NETWORK_CHANGED @ https://ams.gunsun.net/api/robin/message/unReadCount:0
[ 1537400ms] [ERROR] Failed to load resource: net::ERR_NAME_NOT_RESOLVED @ https://ams.gunsun.net/api/robin/message/strong-hints:0
[ 1553240ms] [ERROR] Failed to load resource: net::ERR_CONNECTION_REFUSED @ https://ams.gunsun.net/api/robin/message/unReadCount:0
[ 1553242ms] [ERROR] Failed to load resource: net::ERR_CONNECTION_REFUSED @ https://ams.gunsun.net/api/robin/message/strong-hints:0
[ 1557830ms] [ERROR] Failed to load resource: net::ERR_CONNECTION_REFUSED @ https://ams.gunsun.net/api/robin/message/unReadCount:0
[ 1589030ms] [ERROR] Failed to load resource: net::ERR_CONNECTION_REFUSED @ https://ams.gunsun.net/api/robin/message/strong-hints:0
[ 1589032ms] [ERROR] Failed to load resource: net::ERR_CONNECTION_REFUSED @ https://ams.gunsun.net/api/robin/message/unReadCount:0
[ 1617833ms] [ERROR] Failed to load resource: net::ERR_CONNECTION_REFUSED @ https://ams.gunsun.net/api/robin/message/strong-hints:0
[ 1617835ms] [ERROR] Failed to load resource: net::ERR_CONNECTION_REFUSED @ https://ams.gunsun.net/api/robin/message/unReadCount:0
[ 1649316ms] [ERROR] Failed to load resource: net::ERR_CONNECTION_REFUSED @ https://ams.gunsun.net/api/robin/message/strong-hints:0
[ 1649317ms] [ERROR] Failed to load resource: net::ERR_CONNECTION_REFUSED @ https://ams.gunsun.net/api/robin/message/unReadCount:0
[ 1678796ms] [ERROR] Failed to load resource: net::ERR_CONNECTION_REFUSED @ https://ams.gunsun.net/api/robin/message/strong-hints:0
[ 1684030ms] [ERROR] Failed to load resource: net::ERR_CONNECTION_REFUSED @ https://ams.gunsun.net/api/robin/message/unReadCount:0
[ 1710596ms] [ERROR] Failed to load resource: net::ERR_CONNECTION_REFUSED @ https://ams.gunsun.net/api/robin/message/strong-hints:0
[ 1711373ms] [ERROR] Failed to load resource: net::ERR_CONNECTION_REFUSED @ https://ams.gunsun.net/api/robin/message/unReadCount:0
[ 1740773ms] [ERROR] Failed to load resource: net::ERR_CONNECTION_REFUSED @ https://ams.gunsun.net/api/robin/message/strong-hints:0
[ 1740775ms] [ERROR] Failed to load resource: net::ERR_CONNECTION_REFUSED @ https://ams.gunsun.net/api/robin/message/unReadCount:0
[ 1768314ms] [ERROR] Failed to load resource: net::ERR_CONNECTION_REFUSED @ https://ams.gunsun.net/api/robin/message/strong-hints:0
[ 1768315ms] [ERROR] Failed to load resource: net::ERR_CONNECTION_REFUSED @ https://ams.gunsun.net/api/robin/message/unReadCount:0
[ 1801933ms] [ERROR] Failed to load resource: net::ERR_CONNECTION_REFUSED @ https://ams.gunsun.net/api/robin/message/strong-hints:0
[ 1804054ms] [ERROR] Failed to load resource: net::ERR_CONNECTION_REFUSED @ https://ams.gunsun.net/api/robin/message/unReadCount:0
[ 1837632ms] [ERROR] Failed to load resource: net::ERR_CONNECTION_REFUSED @ https://ams.gunsun.net/api/robin/message/strong-hints:0
[ 1840193ms] [ERROR] Failed to load resource: net::ERR_CONNECTION_REFUSED @ https://ams.gunsun.net/api/robin/message/unReadCount:0
[ 1865902ms] [ERROR] Failed to load resource: net::ERR_CONNECTION_REFUSED @ https://ams.gunsun.net/api/robin/message/strong-hints:0
[ 1866303ms] [ERROR] Failed to load resource: net::ERR_CONNECTION_REFUSED @ https://ams.gunsun.net/api/robin/message/unReadCount:0
[ 1888513ms] [ERROR] Failed to load resource: net::ERR_CONNECTION_REFUSED @ https://ams.gunsun.net/api/robin/message/strong-hints:0
[ 1889864ms] [ERROR] Failed to load resource: net::ERR_CONNECTION_REFUSED @ https://ams.gunsun.net/api/robin/message/unReadCount:0
[ 1919464ms] [ERROR] Failed to load resource: net::ERR_CONNECTION_REFUSED @ https://ams.gunsun.net/api/robin/message/strong-hints:0
[ 1919595ms] [ERROR] Failed to load resource: net::ERR_CONNECTION_REFUSED @ https://ams.gunsun.net/api/robin/message/unReadCount:0
[ 1951812ms] [ERROR] Failed to load resource: net::ERR_CONNECTION_REFUSED @ https://ams.gunsun.net/api/robin/message/strong-hints:0
[ 1952644ms] [ERROR] Failed to load resource: net::ERR_CONNECTION_REFUSED @ https://ams.gunsun.net/api/robin/message/unReadCount:0
[ 1977596ms] [ERROR] Failed to load resource: net::ERR_CONNECTION_REFUSED @ https://ams.gunsun.net/api/robin/message/strong-hints:0
[ 1977834ms] [ERROR] Failed to load resource: net::ERR_CONNECTION_REFUSED @ https://ams.gunsun.net/api/robin/message/unReadCount:0
[ 2013352ms] [ERROR] Failed to load resource: net::ERR_CONNECTION_REFUSED @ https://ams.gunsun.net/api/robin/message/strong-hints:0
[ 2013353ms] [ERROR] Failed to load resource: net::ERR_CONNECTION_REFUSED @ https://ams.gunsun.net/api/robin/message/unReadCount:0
[ 2070138ms] [ERROR] Failed to load resource: net::ERR_NETWORK_CHANGED @ https://ams.gunsun.net/api/robin/message/strong-hints:0
[ 2070139ms] [ERROR] Failed to load resource: net::ERR_NETWORK_CHANGED @ https://ams.gunsun.net/api/robin/message/unReadCount:0
[ 2420256ms] [WARNING] Deprecation warning: moment().subtract(period, number) is deprecated. Please use moment().subtract(number, period). See http://momentjs.com/guides/#/warnings/add-inverted-param/ for more info. @ https://ams.gunsun.net/container/umi.d755cb4e.js:0
[ 2425005ms] [WARNING] single-spa minified message #1: See https://single-spa.js.org/error/?code=1 @ https://ams.gunsun.net/container/umi.d755cb4e.js:0
